+ SECONDS=0
+ [[ 5 != 5 ]]
+ export PATHRT=/lustre/f2/dev/ncep/JieShun.Zhu/ufsp5/ufs-s2s-model_zbot/EXP_2015b
+ PATHRT=/lustre/f2/dev/ncep/JieShun.Zhu/ufsp5/ufs-s2s-model_zbot/EXP_2015b
+ export RUNDIR_ROOT=/lustre/f2/scratch/JieShun.Zhu/UFS_zbot/fcst_2015b
+ RUNDIR_ROOT=/lustre/f2/scratch/JieShun.Zhu/UFS_zbot/fcst_2015b
+ export TEST_NAME=cpld_fv3_ccpp_mom6_cice_cmeps_cold_2015042100
+ TEST_NAME=cpld_fv3_ccpp_mom6_cice_cmeps_cold_2015042100
+ export TEST_NR=001
+ TEST_NR=001
+ export COMPILE_NR=0
+ COMPILE_NR=0
+ cd /lustre/f2/dev/ncep/JieShun.Zhu/ufsp5/ufs-s2s-model_zbot/EXP_2015b
+ [[ -e /lustre/f2/scratch/JieShun.Zhu/UFS_zbot/fcst_2015b/run_test_001.env ]]
+ source /lustre/f2/scratch/JieShun.Zhu/UFS_zbot/fcst_2015b/run_test_001.env
++ export MACHINE_ID=gaea.intel
++ MACHINE_ID=gaea.intel
++ export RTPWD=/lustre/f2/pdata/ncep/JieShun.Zhu/emc.nemspara/Hera_RT/FV3-MOM6-CICE5/develop-20200907-zbot
++ RTPWD=/lustre/f2/pdata/ncep/JieShun.Zhu/emc.nemspara/Hera_RT/FV3-MOM6-CICE5/develop-20200907-zbot
++ export PATHRT=/lustre/f2/dev/ncep/JieShun.Zhu/ufsp5/ufs-s2s-model_zbot/EXP_2015b
++ PATHRT=/lustre/f2/dev/ncep/JieShun.Zhu/ufsp5/ufs-s2s-model_zbot/EXP_2015b
++ export PATHTR=/lustre/f2/dev/ncep/JieShun.Zhu/ufsp5/ufs-s2s-model_zbot
++ PATHTR=/lustre/f2/dev/ncep/JieShun.Zhu/ufsp5/ufs-s2s-model_zbot
++ export NEW_BASELINE=/lustre/f2/scratch/JieShun.Zhu/S2S_RT/REGRESSION_TEST_c20b
++ NEW_BASELINE=/lustre/f2/scratch/JieShun.Zhu/S2S_RT/REGRESSION_TEST_c20b
++ export CREATE_BASELINE=false
++ CREATE_BASELINE=false
++ export RT_SUFFIX=
++ RT_SUFFIX=
++ export BL_SUFFIX=
++ BL_SUFFIX=
++ export SCHEDULER=slurm
++ SCHEDULER=slurm
++ export ACCNR=cpcstrato
++ ACCNR=cpcstrato
++ export QUEUE=urgent
++ QUEUE=urgent
++ export PARTITION=c3
++ PARTITION=c3
++ export ROCOTO=false
++ ROCOTO=false
++ export LOG_DIR=/lustre/f2/dev/ncep/JieShun.Zhu/ufsp5/ufs-s2s-model_zbot/EXP_2015b/log_gaea.intel
++ LOG_DIR=/lustre/f2/dev/ncep/JieShun.Zhu/ufsp5/ufs-s2s-model_zbot/EXP_2015b/log_gaea.intel
++ export DEP_RUN=
++ DEP_RUN=
+ source default_vars.sh
++ '[' gaea.intel = wcoss ']'
++ '[' gaea.intel = wcoss_cray ']'
++ '[' gaea.intel = wcoss_dell_p3 ']'
++ [[ gaea.intel = orion.* ]]
++ [[ gaea.intel = hera.* ]]
++ [[ gaea.intel = jet.* ]]
++ [[ gaea.intel = gaea.* ]]
++ TASKS_dflt=150
++ TPN_dflt=36
++ INPES_dflt=3
++ JNPES_dflt=8
++ TASKS_thrd=84
++ TPN_thrd=18
++ INPES_thrd=3
++ JNPES_thrd=4
++ TASKS_stretch=48
++ TPN_stretch=18
++ INPES_stretch=2
++ JNPES_stretch=4
++ TASKS_strnest=96
++ TPN_strnest=18
++ INPES_strnest=2
++ JNPES_strnest=4
++ TASKS_cpl_dflt=318
++ TPN_cpl_dflt=36
++ INPES_cpl_dflt=3
++ JNPES_cpl_dflt=8
++ THRD_cpl_dflt=1
++ WPG_cpl_dflt=6
++ MPB_cpl_dflt='0 143'
++ APB_cpl_dflt='0 149'
++ OPB_cpl_dflt='150 269'
++ IPB_cpl_dflt='270 317'
++ TASKS_cpl_thrd=246
++ TPN_cpl_thrd=36
++ INPES_cpl_thrd=3
++ JNPES_cpl_thrd=4
++ THRD_cpl_thrd=2
++ WPG_cpl_thrd=6
++ MPB_cpl_thrd='0 77'
++ APB_cpl_thrd='0 77'
++ OPB_cpl_thrd='78 197'
++ IPB_cpl_thrd='198 245'
++ TASKS_cpl_bmrk=480
++ TPN_cpl_bmrk=36
++ INPES_cpl_bmrk=6
++ JNPES_cpl_bmrk=8
++ THRD_cpl_bmrk=1
++ WPG_cpl_bmrk=24
++ MPB_cpl_bmrk='0 287'
++ APB_cpl_bmrk='0 311'
++ OPB_cpl_bmrk='312 431'
++ IPB_cpl_bmrk='432 479'
++ TASKS_cpl_wwav=520
++ TPN_cpl_wwav=36
++ INPES_cpl_wwav=6
++ JNPES_cpl_wwav=8
++ THRD_cpl_wwav=1
++ WPG_cpl_wwav=24
++ MPB_cpl_wwav='0 287'
++ APB_cpl_wwav='0 311'
++ OPB_cpl_wwav='312 431'
++ IPB_cpl_wwav='432 479'
++ WPB_cpl_wwav='480 519'
++ COMPILER=intel
++ [[ intel = gnu ]]
++ [[ intel = pgi ]]
++ WLCLK_dflt=30
+ source tests/cpld_fv3_ccpp_mom6_cice_cmeps_cold_2015042100
++ export 'TEST_DESCR=Fully coupled FV3-CCPP-MOM6-CICE-CMEPS system - cold start'
++ TEST_DESCR='Fully coupled FV3-CCPP-MOM6-CICE-CMEPS system - cold start'
++ export CNTL_DIR=RT-Baselines_cold_ccpp_cmeps_2015042100
++ CNTL_DIR=RT-Baselines_cold_ccpp_cmeps_2015042100
++ export CNTLMED_DIR=MEDIATOR_ccpp_cmeps_2015042100
++ CNTLMED_DIR=MEDIATOR_ccpp_cmeps_2015042100
++ export LIST_FILES=ufs.s2s.cold.cpl.r.2015-04-21-03600.nc
++ LIST_FILES=ufs.s2s.cold.cpl.r.2015-04-21-03600.nc
++ export_fv3
++ export THRD=1
++ THRD=1
++ export WLCLK=30
++ WLCLK=30
++ export INPES=3
++ INPES=3
++ export JNPES=8
++ JNPES=8
++ export TASKS=150
++ TASKS=150
++ export TPN=36
++ TPN=36
++ export RESTART_INTERVAL=0
++ RESTART_INTERVAL=0
++ export QUILTING=.true.
++ QUILTING=.true.
++ export WRITE_GROUP=1
++ WRITE_GROUP=1
++ export WRTTASK_PER_GROUP=6
++ WRTTASK_PER_GROUP=6
++ export OUTPUT_HISTORY=.true.
++ OUTPUT_HISTORY=.true.
++ export WRITE_DOPOST=.false.
++ WRITE_DOPOST=.false.
++ export NUM_FILES=2
++ NUM_FILES=2
++ export 'FILENAME_BASE='\''dyn'\'' '\''phy'\'''
++ FILENAME_BASE=''\''dyn'\'' '\''phy'\'''
++ export 'OUTPUT_GRID='\''cubed_sphere_grid'\'''
++ OUTPUT_GRID=''\''cubed_sphere_grid'\'''
++ export 'OUTPUT_FILE='\''netcdf'\'''
++ OUTPUT_FILE=''\''netcdf'\'''
++ export WRITE_NEMSIOFLIP=.false.
++ WRITE_NEMSIOFLIP=.false.
++ export WRITE_FSYNCFLAG=.false.
++ WRITE_FSYNCFLAG=.false.
++ export IMO=384
++ IMO=384
++ export JMO=190
++ JMO=190
++ export WARM_START=.F.
++ WARM_START=.F.
++ export READ_INCREMENT=.F.
++ READ_INCREMENT=.F.
++ export NGGPS_IC=.T.
++ NGGPS_IC=.T.
++ export EXTERNAL_IC=.T.
++ EXTERNAL_IC=.T.
++ export MAKE_NH=.T.
++ MAKE_NH=.T.
++ export MOUNTAIN=.F.
++ MOUNTAIN=.F.
++ export NA_INIT=1
++ NA_INIT=1
++ export DO_RRTMGP=.F.
++ DO_RRTMGP=.F.
++ export IMP_PHYSICS=11
++ IMP_PHYSICS=11
++ export DNATS=1
++ DNATS=1
++ export DO_SAT_ADJ=.T.
++ DO_SAT_ADJ=.T.
++ export LHEATSTRG=.F.
++ LHEATSTRG=.F.
++ export LGFDLMPRAD=.F.
++ LGFDLMPRAD=.F.
++ export EFFR_IN=.F.
++ EFFR_IN=.F.
++ export LRADAR=.T.
++ LRADAR=.T.
++ export LTAEROSOL=.T.
++ LTAEROSOL=.T.
++ export LDIAG_UGWP=.F.
++ LDIAG_UGWP=.F.
++ export DO_UGWP=.F.
++ DO_UGWP=.F.
++ export DO_TOFD=.F.
++ DO_TOFD=.F.
++ export GWD_OPT=1
++ GWD_OPT=1
++ export SATMEDMF=.F.
++ SATMEDMF=.F.
++ export ISATMEDMF=0
++ ISATMEDMF=0
++ export HYBEDMF=.T.
++ HYBEDMF=.T.
++ export SHINHONG=.F.
++ SHINHONG=.F.
++ export DO_YSU=.F.
++ DO_YSU=.F.
++ export DO_MYNNEDMF=.F.
++ DO_MYNNEDMF=.F.
++ export DO_MYJPBL=.F.
++ DO_MYJPBL=.F.
++ export IMFSHALCNV=2
++ IMFSHALCNV=2
++ export IMFDEEPCNV=2
++ IMFDEEPCNV=2
++ export DO_MYJSFC=.F.
++ DO_MYJSFC=.F.
++ export LSM=1
++ LSM=1
++ export LSOIL_LSM=4
++ LSOIL_LSM=4
++ export LANDICE=.T.
++ LANDICE=.T.
++ export OZ_PHYS_OLD=.T.
++ OZ_PHYS_OLD=.T.
++ export OZ_PHYS_NEW=.F.
++ OZ_PHYS_NEW=.F.
++ export H2O_PHYS=.F.
++ H2O_PHYS=.F.
++ export CPL=.F.
++ CPL=.F.
++ export CPLFLX=.F.
++ CPLFLX=.F.
++ export CPLWAV=.F.
++ CPLWAV=.F.
++ export CPLWAV2ATM=.F.
++ CPLWAV2ATM=.F.
++ export DAYS=1
++ DAYS=1
++ export NPX=97
++ NPX=97
++ export NPY=97
++ NPY=97
++ export NPZ=64
++ NPZ=64
++ export NPZP=65
++ NPZP=65
++ export NSTF_NAME=2,1,1,0,5
++ NSTF_NAME=2,1,1,0,5
++ export FDIAG=0,1,2,3,4,5,6,7,8,9,10,11,12,15,18,21,24
++ FDIAG=0,1,2,3,4,5,6,7,8,9,10,11,12,15,18,21,24
++ export NFHOUT=3
++ NFHOUT=3
++ export NFHMAX_HF=12
++ NFHMAX_HF=12
++ export NFHOUT_HF=1
++ NFHOUT_HF=1
++ export 'FNALBC='\''global_snowfree_albedo.bosu.t126.384.190.rg.grb'\'','
++ FNALBC=''\''global_snowfree_albedo.bosu.t126.384.190.rg.grb'\'','
++ export 'FNVETC='\''global_vegtype.igbp.t126.384.190.rg.grb'\'','
++ FNVETC=''\''global_vegtype.igbp.t126.384.190.rg.grb'\'','
++ export 'FNSOTC='\''global_soiltype.statsgo.t126.384.190.rg.grb'\'','
++ FNSOTC=''\''global_soiltype.statsgo.t126.384.190.rg.grb'\'','
++ export 'FNSMCC='\''global_soilmgldas.t126.384.190.grb'\'','
++ FNSMCC=''\''global_soilmgldas.t126.384.190.grb'\'','
++ export 'FNABSC='\''global_mxsnoalb.uariz.t126.384.190.rg.grb'\'','
++ FNABSC=''\''global_mxsnoalb.uariz.t126.384.190.rg.grb'\'','
++ export ENS_NUM=1
++ ENS_NUM=1
++ export SYEAR=2012
++ SYEAR=2012
++ export SMONTH=06
++ SMONTH=06
++ export SDAY=01
++ SDAY=01
++ export SHOUR=00
++ SHOUR=00
++ export FHMAX=1
++ FHMAX=1
++ export DT_ATMOS=1800
++ DT_ATMOS=1800
++ export FHCYC=24
++ FHCYC=24
++ export DO_SPPT=.F.
++ DO_SPPT=.F.
++ export DO_SHUM=.F.
++ DO_SHUM=.F.
++ export DO_SKEB=.F.
++ DO_SKEB=.F.
++ export DO_SFCPERTS=.F.
++ DO_SFCPERTS=.F.
++ export SKEB=-999.
++ SKEB=-999.
++ export SPPT=-999.
++ SPPT=-999.
++ export SHUM=-999.
++ SHUM=-999.
++ export 'IAU_INC_FILES='\'''\'''
++ IAU_INC_FILES=''\'''\'''
++ export IAU_DRYMASSFIXER=.false.
++ IAU_DRYMASSFIXER=.false.
++ export DO_CA=.F.
++ DO_CA=.F.
++ export CA_SGS=.F.
++ CA_SGS=.F.
++ export CA_GLOBAL=.F.
++ CA_GLOBAL=.F.
++ export_cpl
++ export TASKS=318
++ TASKS=318
++ export TPN=36
++ TPN=36
++ export INPES=3
++ INPES=3
++ export JNPES=8
++ JNPES=8
++ export THRD=1
++ THRD=1
++ export WRTTASK_PER_GROUP=6
++ WRTTASK_PER_GROUP=6
++ export 'med_petlist_bounds=0 143'
++ med_petlist_bounds='0 143'
++ export 'atm_petlist_bounds=0 149'
++ atm_petlist_bounds='0 149'
++ export 'ocn_petlist_bounds=150 269'
++ ocn_petlist_bounds='150 269'
++ export 'ice_petlist_bounds=270 317'
++ ice_petlist_bounds='270 317'
++ export ATMRES=C96
++ ATMRES=C96
++ export OCNRES=025
++ OCNRES=025
++ export ICERES=0.25
++ ICERES=0.25
++ export NX_GLB=1440
++ NX_GLB=1440
++ export NY_GLB=1080
++ NY_GLB=1080
++ export SUITE_NAME=
++ SUITE_NAME=
++ export MED_restart_data=
++ MED_restart_data=
++ export INPUT_NML=input.mom6.nml.IN
++ INPUT_NML=input.mom6.nml.IN
++ export FIELD_TABLE=field_table
++ FIELD_TABLE=field_table
++ export FV3_RESTART_INTERVAL=0
++ FV3_RESTART_INTERVAL=0
++ export FHROT=0
++ FHROT=0
++ export NSOUT=-1
++ NSOUT=-1
++ export FDIAG=6
++ FDIAG=6
++ export NFHOUT=6
++ NFHOUT=6
++ export NFHMAX_HF=-1
++ NFHMAX_HF=-1
++ export NFHOUT_HF=-1
++ NFHOUT_HF=-1
++ export CPLFLX=.T.
++ CPLFLX=.T.
++ export CPL=.true.
++ CPL=.true.
++ export FRAC_GRID=.false.
++ FRAC_GRID=.false.
++ export NSTF_NAME=0,0,0,0,0
++ NSTF_NAME=0,0,0,0,0
++ export MOM6_RESTART_SETTING=n
++ MOM6_RESTART_SETTING=n
++ export med_model=nems
++ med_model=nems
++ export atm_model=fv3
++ atm_model=fv3
++ export ocn_model=mom6
++ ocn_model=mom6
++ export ice_model=cice6
++ ice_model=cice6
++ export wav_model=ww3
++ wav_model=ww3
++ export cap_dbug_flag=0
++ cap_dbug_flag=0
++ export use_coldstart=true
++ use_coldstart=true
++ export MOM6_RIVER_RUNOFF=True
++ MOM6_RIVER_RUNOFF=True
++ export MOM6_REPRO_LA=True
++ MOM6_REPRO_LA=True
++ export MOM6_THERMO_SPAN=True
++ MOM6_THERMO_SPAN=True
++ export NPROC_ICE=48
++ NPROC_ICE=48
++ export DT_ATMOS=600
++ DT_ATMOS=600
++ export DT_DYNAM_MOM6=600
++ DT_DYNAM_MOM6=600
++ export DT_THERM_MOM6=1200
++ DT_THERM_MOM6=1200
++ export MOM_INPUT=MOM_input_template_025
++ MOM_INPUT=MOM_input_template_025
++ export mom6_restart_option=nhours
++ mom6_restart_option=nhours
++ export mom6_restart_n=24
++ mom6_restart_n=24
++ export RUNTYPE=initial
++ RUNTYPE=initial
++ export DUMPFREQ=d
++ DUMPFREQ=d
++ export DUMPFREQ_N=45
++ DUMPFREQ_N=45
++ export USE_RESTART_TIME=.false.
++ USE_RESTART_TIME=.false.
++ export RESTART_EXT=.false
++ RESTART_EXT=.false
++ export MESHICE=mesh.mx025.nc
++ MESHICE=mesh.mx025.nc
++ export CICEGRID=grid_cice_NEMS_mx025.nc
++ CICEGRID=grid_cice_NEMS_mx025.nc
++ export CICEMASK=kmtu_cice_NEMS_mx025.nc
++ CICEMASK=kmtu_cice_NEMS_mx025.nc
++ export CHLCLIM=seawifs-clim-1997-2010.1440x1080.v20180328.nc
++ CHLCLIM=seawifs-clim-1997-2010.1440x1080.v20180328.nc
++ export FRUNOFF=runoff.daitren.clim.1440x1080.v20180328.nc
++ FRUNOFF=runoff.daitren.clim.1440x1080.v20180328.nc
++ export FRAZIL_FWSALT=.true.
++ FRAZIL_FWSALT=.true.
++ export CICE_HIST_AVG=.true.
++ CICE_HIST_AVG=.true.
++ export RUNID=unknown
++ RUNID=unknown
++ export WARM_START=.F.
++ WARM_START=.F.
++ export MAKE_NH=.T.
++ MAKE_NH=.T.
++ export NA_INIT=1
++ NA_INIT=1
++ export EXTERNAL_IC=.T.
++ EXTERNAL_IC=.T.
++ export NGGPS_IC=.T.
++ NGGPS_IC=.T.
++ export MOUNTAIN=.F.
++ MOUNTAIN=.F.
++ export CPLMODE=nems_orig
++ CPLMODE=nems_orig
++ export RESTART_PREFIX=
++ RESTART_PREFIX=
++ export RESTART_SUFFIX=
++ RESTART_SUFFIX=
++ export SYEAR=2015
++ SYEAR=2015
++ export SMONTH=04
++ SMONTH=04
++ export SDAY=21
++ SDAY=21
++ export SHOUR=00
++ SHOUR=00
++ export DAYS=0.041666666
++ DAYS=0.041666666
++ export FHMAX=1
++ FHMAX=1
++ export NFHMAX_HF=12
++ NFHMAX_HF=12
++ export NFHOUT_HF=1
++ NFHOUT_HF=1
++ export DT_ATMOS=600
++ DT_ATMOS=600
++ export DT_CICE=600
++ DT_CICE=600
++ export CPL_SLOW=1200
++ CPL_SLOW=1200
++ export CPL_FAST=600
++ CPL_FAST=600
++ export DUMPFREQ_N=1
++ DUMPFREQ_N=1
++ export DUMPFREQ=h
++ DUMPFREQ=h
++ export NEMS_CONFIGURE=nems.configure.medcoldcmeps_atm_ocn_ice.IN
++ NEMS_CONFIGURE=nems.configure.medcoldcmeps_atm_ocn_ice.IN
++ export coupling_interval_slow_sec=1200
++ coupling_interval_slow_sec=1200
++ export coupling_interval_fast_sec=600
++ coupling_interval_fast_sec=600
++ export FV3_RUN=cpld_fv3_mom6_cice_bmark_45d_run.IN
++ FV3_RUN=cpld_fv3_mom6_cice_bmark_45d_run.IN
++ export INPUT_NML=input.benchmark_ccpp.nml.IN
++ INPUT_NML=input.benchmark_ccpp.nml.IN
++ export FIELD_TABLE=field_table.gfdlmp
++ FIELD_TABLE=field_table.gfdlmp
++ export SUITE_NAME=FV3_GFS_v15p2_coupled
++ SUITE_NAME=FV3_GFS_v15p2_coupled
++ export OZ_PHYS_NEW=.T.
++ OZ_PHYS_NEW=.T.
+ [[ -e /lustre/f2/scratch/JieShun.Zhu/UFS_zbot/fcst_2015b/unit_test_001.env ]]
+ export INPUT_DIR=RT-Baselines_cold_ccpp_cmeps_2015042100
+ INPUT_DIR=RT-Baselines_cold_ccpp_cmeps_2015042100
+ export RUNDIR=/lustre/f2/scratch/JieShun.Zhu/UFS_zbot/fcst_2015b/cpld_fv3_ccpp_mom6_cice_cmeps_cold_2015042100
+ RUNDIR=/lustre/f2/scratch/JieShun.Zhu/UFS_zbot/fcst_2015b/cpld_fv3_ccpp_mom6_cice_cmeps_cold_2015042100
+ export CNTL_DIR=RT-Baselines_cold_ccpp_cmeps_2015042100
+ CNTL_DIR=RT-Baselines_cold_ccpp_cmeps_2015042100
++ basename /lustre/f2/scratch/JieShun.Zhu/UFS_zbot/fcst_2015b
+ JBNME=fcst_2015b_001
+ export JBNME
+ export FV3X=fcst_0.exe
+ FV3X=fcst_0.exe
+ UNIT_TEST=false
+ [[ false == false ]]
+ REGRESSIONTEST_LOG=/lustre/f2/dev/ncep/JieShun.Zhu/ufsp5/ufs-s2s-model_zbot/EXP_2015b/log_gaea.intel/rt_001_cpld_fv3_ccpp_mom6_cice_cmeps_cold_2015042100.log
+ export REGRESSIONTEST_LOG
+ echo 'Test 001 cpld_fv3_ccpp_mom6_cice_cmeps_cold_2015042100 Fully coupled FV3-CCPP-MOM6-CICE-CMEPS system - cold start'
Test 001 cpld_fv3_ccpp_mom6_cice_cmeps_cold_2015042100 Fully coupled FV3-CCPP-MOM6-CICE-CMEPS system - cold start
+ trap 'echo "run_test.sh: Test ${TEST_NAME} killed"; kill $(jobs -p); wait; trap 0; exit' 1 2 3 4 5 6 7 8 10 12 13 15
+ trap '[ "$?" -eq 0 ] || write_fail_test' EXIT
+ RUN_SCRIPT=rt_fv3.sh
+ ./rt_fv3.sh
+ elapsed=216
+ echo 'Elapsed time 216 seconds. Test cpld_fv3_ccpp_mom6_cice_cmeps_cold_2015042100'
Elapsed time 216 seconds. Test cpld_fv3_ccpp_mom6_cice_cmeps_cold_2015042100
+ '[' 0 -eq 0 ']'
